<?xml version="1.0" encoding="utf-8"?><testsuites name="pytest tests"><testsuite name="pytest" errors="0" failures="0" skipped="4" tests="18" time="3.149" timestamp="2026-03-11T11:36:21.045286+00:00" hostname="agent-env-49425071-0efb-412d-aa2d-d54148bbb255"><testcase classname="backend.tests.test_p0_features.TestAdminDashboardStats" name="test_dashboard_stats_returns_200" time="0.545" /><testcase classname="backend.tests.test_p0_features.TestAdminDashboardStats" name="test_dashboard_stats_has_required_fields" time="0.149" /><testcase classname="backend.tests.test_p0_features.TestAdminDashboardStats" name="test_dashboard_stats_data_types" time="0.160" /><testcase classname="backend.tests.test_p0_features.TestAdminDashboardStats" name="test_dashboard_stats_accessible_by_cre" time="0.443" /><testcase classname="backend.tests.test_p0_features.TestAdminDashboardStats" name="test_dashboard_stats_not_accessible_by_worker" time="0.122"><skipped type="pytest.skip" message="Worker login failed: 401 {&quot;detail&quot;:&quot;Invalid email or password&quot;}">/app/backend/tests/test_p0_features.py:124: Worker login failed: 401 {"detail":"Invalid email or password"}</skipped></testcase><testcase classname="backend.tests.test_p0_features.TestForceDeleteCoupon" name="test_delete_legacy_coupon_endpoint_exists" time="0.105" /><testcase classname="backend.tests.test_p0_features.TestForceDeleteCoupon" name="test_delete_coupon_not_found_message" time="0.113" /><testcase classname="backend.tests.test_p0_features.TestForceDeleteCoupon" name="test_delete_coupon_requires_admin" time="0.000"><skipped type="pytest.skip" message="Worker login failed: 401 {&quot;detail&quot;:&quot;Invalid email or password&quot;}">/app/backend/tests/test_p0_features.py:159: Worker login failed: 401 {"detail":"Invalid email or password"}</skipped></testcase><testcase classname="backend.tests.test_p0_features.TestForceDeleteCoupon" name="test_list_legacy_coupons_for_deletion" time="0.106" /><testcase classname="backend.tests.test_p0_features.TestCRERemarkDelete" name="test_delete_call_log_endpoint_exists" time="0.105" /><testcase classname="backend.tests.test_p0_features.TestCRERemarkDelete" name="test_delete_call_log_not_found_message" time="0.139" /><testcase classname="backend.tests.test_p0_features.TestCRERemarkDelete" name="test_delete_call_log_accessible_by_cre" time="0.099" /><testcase classname="backend.tests.test_p0_features.TestCRERemarkDelete" name="test_delete_call_log_not_accessible_by_worker" time="0.001"><skipped type="pytest.skip" message="Worker login failed: 401 {&quot;detail&quot;:&quot;Invalid email or password&quot;}">/app/backend/tests/test_p0_features.py:212: Worker login failed: 401 {"detail":"Invalid email or password"}</skipped></testcase><testcase classname="backend.tests.test_p0_features.TestIntegrationFlows" name="test_admin_login_works" time="0.338" /><testcase classname="backend.tests.test_p0_features.TestIntegrationFlows" name="test_cre_login_works" time="0.329" /><testcase classname="backend.tests.test_p0_features.TestIntegrationFlows" name="test_worker_login_works" time="0.103"><skipped type="pytest.skip" message="Worker account may not exist: 401 {&quot;detail&quot;:&quot;Invalid email or password&quot;}">/app/backend/tests/test_p0_features.py:245: Worker account may not exist: 401 {"detail":"Invalid email or password"}</skipped></testcase><testcase classname="backend.tests.test_p0_features.TestIntegrationFlows" name="test_branches_list" time="0.104" /><testcase classname="backend.tests.test_p0_features.TestIntegrationFlows" name="test_campaigns_list" time="0.121" /></testsuite></testsuites>