<?xml version="1.0" encoding="utf-8"?><testsuites name="pytest tests"><testsuite name="pytest" errors="0" failures="0" skipped="0" tests="21" time="4.887" timestamp="2026-03-27T09:21:32.938114+00:00" hostname="agent-env-49425071-0efb-412d-aa2d-d54148bbb255"><testcase classname="backend.tests.test_v9_data_entry_coupons.TestAuth" name="test_admin_login" time="0.533" /><testcase classname="backend.tests.test_v9_data_entry_coupons.TestAuth" name="test_worker_login" time="0.353" /><testcase classname="backend.tests.test_v9_data_entry_coupons.TestAdminCoupons" name="test_get_admin_coupons_no_filter" time="0.482" /><testcase classname="backend.tests.test_v9_data_entry_coupons.TestAdminCoupons" name="test_admin_coupons_status_filter" time="0.146" /><testcase classname="backend.tests.test_v9_data_entry_coupons.TestAdminCoupons" name="test_admin_coupons_source_filter_campaign" time="0.126" /><testcase classname="backend.tests.test_v9_data_entry_coupons.TestAdminCoupons" name="test_admin_coupons_source_filter_legacy" time="0.123" /><testcase classname="backend.tests.test_v9_data_entry_coupons.TestAdminCoupons" name="test_admin_coupons_search" time="0.261" /><testcase classname="backend.tests.test_v9_data_entry_coupons.TestAdminCoupons" name="test_admin_coupons_unauthorized" time="0.135" /><testcase classname="backend.tests.test_v9_data_entry_coupons.TestAdminCoupons" name="test_admin_coupons_worker_forbidden" time="0.471" /><testcase classname="backend.tests.test_v9_data_entry_coupons.TestWorkerDataEntry" name="test_create_data_entry" time="0.124" /><testcase classname="backend.tests.test_v9_data_entry_coupons.TestWorkerDataEntry" name="test_create_data_entry_validation" time="0.369" /><testcase classname="backend.tests.test_v9_data_entry_coupons.TestWorkerDataEntry" name="test_get_my_data_entries" time="0.129" /><testcase classname="backend.tests.test_v9_data_entry_coupons.TestWorkerDataEntry" name="test_worker_data_entry_unauthorized" time="0.266" /><testcase classname="backend.tests.test_v9_data_entry_coupons.TestAdminDataEntry" name="test_get_admin_data_entries" time="0.132" /><testcase classname="backend.tests.test_v9_data_entry_coupons.TestAdminDataEntry" name="test_admin_data_entry_search" time="0.237" /><testcase classname="backend.tests.test_v9_data_entry_coupons.TestAdminDataEntry" name="test_admin_data_entry_worker_filter" time="0.248" /><testcase classname="backend.tests.test_v9_data_entry_coupons.TestAdminDataEntry" name="test_admin_data_entry_export" time="0.166" /><testcase classname="backend.tests.test_v9_data_entry_coupons.TestAdminDataEntry" name="test_admin_data_entry_forbidden_for_worker" time="0.120" /><testcase classname="backend.tests.test_v9_data_entry_coupons.TestAdminCouponDelete" name="test_delete_nonexistent_coupon" time="0.121" /><testcase classname="backend.tests.test_v9_data_entry_coupons.TestAdminCouponDelete" name="test_delete_coupon_unauthorized" time="0.122" /><testcase classname="backend.tests.test_v9_data_entry_coupons.TestHealthCheck" name="test_health" time="0.123" /></testsuite></testsuites>