<?xml version="1.0" encoding="utf-8"?><testsuites name="pytest tests"><testsuite name="pytest" errors="0" failures="0" skipped="0" tests="34" time="9.480" timestamp="2026-02-18T07:39:15.032360+00:00" hostname="agent-env-50f99de7-5394-4f15-9e59-d7bad961b759"><testcase classname="backend.tests.test_field_revenue_system.TestAuthAndSetup" name="test_health_check" time="0.235" /><testcase classname="backend.tests.test_field_revenue_system.TestAuthAndSetup" name="test_admin_login" time="0.379" /><testcase classname="backend.tests.test_field_revenue_system.TestAuthAndSetup" name="test_worker_login" time="0.356" /><testcase classname="backend.tests.test_field_revenue_system.TestAreaManagement" name="test_create_area" time="0.496" /><testcase classname="backend.tests.test_field_revenue_system.TestAreaManagement" name="test_list_areas" time="0.129" /><testcase classname="backend.tests.test_field_revenue_system.TestAreaManagement" name="test_get_states" time="0.114" /><testcase classname="backend.tests.test_field_revenue_system.TestCampaignManagement" name="test_create_campaign" time="0.476" /><testcase classname="backend.tests.test_field_revenue_system.TestCampaignManagement" name="test_list_campaigns" time="0.104" /><testcase classname="backend.tests.test_field_revenue_system.TestCampaignManagement" name="test_get_campaign_coupons" time="0.119" /><testcase classname="backend.tests.test_field_revenue_system.TestCampaignManagement" name="test_duplicate_prefix_rejected" time="0.114" /><testcase classname="backend.tests.test_field_revenue_system.TestCouponValidationAndSale" name="test_validate_coupon_code_valid" time="0.526" /><testcase classname="backend.tests.test_field_revenue_system.TestCouponValidationAndSale" name="test_validate_coupon_code_invalid" time="0.149" /><testcase classname="backend.tests.test_field_revenue_system.TestCouponValidationAndSale" name="test_sell_coupon" time="0.145" /><testcase classname="backend.tests.test_field_revenue_system.TestCouponValidationAndSale" name="test_sell_already_sold_coupon" time="0.139" /><testcase classname="backend.tests.test_field_revenue_system.TestCouponValidationAndSale" name="test_gps_accuracy_rejection" time="0.122" /><testcase classname="backend.tests.test_field_revenue_system.TestWorkerLedger" name="test_get_worker_ledger" time="0.664" /><testcase classname="backend.tests.test_field_revenue_system.TestWorkerLedger" name="test_get_worker_transactions" time="0.107" /><testcase classname="backend.tests.test_field_revenue_system.TestWorkerLedger" name="test_admin_add_advance" time="0.468" /><testcase classname="backend.tests.test_field_revenue_system.TestWorkerLedger" name="test_ledger_updated_after_advance" time="0.107" /><testcase classname="backend.tests.test_field_revenue_system.TestWorkerLedger" name="test_admin_view_all_ledgers" time="0.122" /><testcase classname="backend.tests.test_field_revenue_system.TestExpenseModule" name="test_submit_small_expense_without_photo" time="0.511" /><testcase classname="backend.tests.test_field_revenue_system.TestExpenseModule" name="test_large_expense_requires_photo" time="0.124" /><testcase classname="backend.tests.test_field_revenue_system.TestExpenseModule" name="test_get_worker_expenses" time="0.105" /><testcase classname="backend.tests.test_field_revenue_system.TestAdminWorkerControl" name="test_create_worker" time="0.685" /><testcase classname="backend.tests.test_field_revenue_system.TestAdminWorkerControl" name="test_disable_worker" time="0.098" /><testcase classname="backend.tests.test_field_revenue_system.TestAdminWorkerControl" name="test_enable_worker" time="0.102" /><testcase classname="backend.tests.test_field_revenue_system.TestAdminWorkerControl" name="test_reset_worker_password" time="0.338" /><testcase classname="backend.tests.test_field_revenue_system.TestAdminWorkerControl" name="test_delete_worker_without_sales" time="0.109" /><testcase classname="backend.tests.test_field_revenue_system.TestAdminDashboard" name="test_get_admin_dashboard_stats" time="0.489" /><testcase classname="backend.tests.test_field_revenue_system.TestAdminDashboard" name="test_get_inactivity_alerts" time="0.110" /><testcase classname="backend.tests.test_field_revenue_system.TestAdminDashboard" name="test_get_spoofing_alerts" time="0.121" /><testcase classname="backend.tests.test_field_revenue_system.TestAreaAnalytics" name="test_get_sales_analytics" time="0.458" /><testcase classname="backend.tests.test_field_revenue_system.TestCampaignStatusUpdate" name="test_update_campaign_status_to_inactive" time="0.448" /><testcase classname="backend.tests.test_field_revenue_system.TestCampaignStatusUpdate" name="test_validate_coupon_from_inactive_campaign" time="0.470" /></testsuite></testsuites>