<?xml version="1.0" encoding="utf-8"?><testsuites name="pytest tests"><testsuite name="pytest" errors="0" failures="0" skipped="0" tests="12" time="4.351" timestamp="2026-03-12T08:45:41.068235+00:00" hostname="agent-env-49425071-0efb-412d-aa2d-d54148bbb255"><testcase classname="backend.tests.test_task_features.TestTask1Rebranding" name="test_page_title_is_fieldflow_pro" time="0.189" /><testcase classname="backend.tests.test_task_features.TestTask1Rebranding" name="test_meta_description_no_emergent" time="0.109" /><testcase classname="backend.tests.test_task_features.TestTask1Rebranding" name="test_no_made_with_emergent_badge" time="0.140" /><testcase classname="backend.tests.test_task_features.TestTask3DashboardStats" name="test_dashboard_stats_returns_all_fields" time="0.631" /><testcase classname="backend.tests.test_task_features.TestTask3DashboardStats" name="test_dashboard_stats_has_timestamp" time="0.435" /><testcase classname="backend.tests.test_task_features.TestTask3DashboardStats" name="test_dashboard_stats_no_hardcoded_zeros" time="0.496" /><testcase classname="backend.tests.test_task_features.TestTask2CRERemarkDelete" name="test_admin_can_view_cre_remarks" time="0.437" /><testcase classname="backend.tests.test_task_features.TestTask2CRERemarkDelete" name="test_delete_cre_remark_endpoint_exists" time="0.442" /><testcase classname="backend.tests.test_task_features.TestTask2CRERemarkDelete" name="test_delete_existing_cre_remark_as_admin" time="0.637" /><testcase classname="backend.tests.test_task_features.TestAuthEndpoints" name="test_admin_login" time="0.328" /><testcase classname="backend.tests.test_task_features.TestAuthEndpoints" name="test_cre_login" time="0.327" /><testcase classname="backend.tests.test_task_features.TestAuthEndpoints" name="test_health_endpoint" time="0.114" /></testsuite></testsuites>