<?xml version="1.0" encoding="utf-8"?><testsuites name="pytest tests"><testsuite name="pytest" errors="0" failures="0" skipped="0" tests="22" time="6.103" timestamp="2026-02-22T09:32:31.718204+00:00" hostname="agent-env-e74a0bd6-88fe-41a0-b457-07558a123c10"><testcase classname="backend.tests.test_v5_system_updates.TestAuth" name="test_admin_login" time="0.381" /><testcase classname="backend.tests.test_v5_system_updates.TestAuth" name="test_worker_login" time="0.346" /><testcase classname="backend.tests.test_v5_system_updates.TestAuth" name="test_cre_login" time="0.327" /><testcase classname="backend.tests.test_v5_system_updates.TestWorkerMySales" name="test_worker_my_sales_endpoint_exists" time="0.438" /><testcase classname="backend.tests.test_v5_system_updates.TestWorkerMySales" name="test_worker_my_sales_returns_list" time="0.105" /><testcase classname="backend.tests.test_v5_system_updates.TestWorkerMySales" name="test_worker_my_sales_has_required_fields" time="0.104" /><testcase classname="backend.tests.test_v5_system_updates.TestCampaignCouponRange" name="test_get_existing_campaigns" time="0.503" /><testcase classname="backend.tests.test_v5_system_updates.TestCampaignCouponRange" name="test_range_test_200_campaign_exists" time="0.178" /><testcase classname="backend.tests.test_v5_system_updates.TestCampaignCouponRange" name="test_final_test_campaign_exists" time="0.138" /><testcase classname="backend.tests.test_v5_system_updates.TestCampaignCouponRange" name="test_create_large_campaign_500_coupons" time="0.135" /><testcase classname="backend.tests.test_v5_system_updates.TestCREDateFilter" name="test_cre_customers_endpoint_exists" time="0.454" /><testcase classname="backend.tests.test_v5_system_updates.TestCREDateFilter" name="test_cre_customers_returns_list" time="0.107" /><testcase classname="backend.tests.test_v5_system_updates.TestCREDateFilter" name="test_cre_customers_has_worker_name_field" time="0.119" /><testcase classname="backend.tests.test_v5_system_updates.TestCREDateFilter" name="test_cre_customers_with_date_filter_today" time="0.109" /><testcase classname="backend.tests.test_v5_system_updates.TestCREDateFilter" name="test_cre_customers_with_date_filter_range" time="0.119" /><testcase classname="backend.tests.test_v5_system_updates.TestCREDateFilter" name="test_cre_customers_without_date_filter" time="0.210" /><testcase classname="backend.tests.test_v5_system_updates.TestWorkerSaleFlow" name="test_validate_coupon_code_endpoint" time="0.440" /><testcase classname="backend.tests.test_v5_system_updates.TestWorkerSaleFlow" name="test_validate_existing_coupon" time="0.724" /><testcase classname="backend.tests.test_v5_system_updates.TestWorkerSaleFlow" name="test_worker_sale_endpoint_exists" time="0.105" /><testcase classname="backend.tests.test_v5_system_updates.TestCREDashboard" name="test_cre_dashboard_stats" time="0.441" /><testcase classname="backend.tests.test_v5_system_updates.TestBranchesAPI" name="test_get_branches" time="0.433" /><testcase classname="backend.tests.test_v5_system_updates.TestStaticFiles" name="test_uploads_endpoint_exists" time="0.106" /></testsuite></testsuites>