<?xml version="1.0" encoding="utf-8"?><testsuites name="pytest tests"><testsuite name="pytest" errors="0" failures="0" skipped="0" tests="20" time="3.887" timestamp="2026-02-27T04:50:48.912820+00:00" hostname="agent-env-b4348364-de74-4310-8dea-6f7e63ccad3c"><testcase classname="test_v6_attendance_cash_features.TestHealthCheck" name="test_health_endpoint" time="0.118" /><testcase classname="test_v6_attendance_cash_features.TestAdminAttendanceDashboard" name="test_attendance_stats_api" time="0.468" /><testcase classname="test_v6_attendance_cash_features.TestAdminAttendanceDashboard" name="test_attendance_stats_with_date" time="0.104" /><testcase classname="test_v6_attendance_cash_features.TestAdminAttendanceDashboard" name="test_attendance_workers_list" time="0.107" /><testcase classname="test_v6_attendance_cash_features.TestAdminAttendanceDashboard" name="test_attendance_export_csv" time="0.120" /><testcase classname="test_v6_attendance_cash_features.TestWorkerPunchInOut" name="test_worker_can_view_today_attendance" time="0.465" /><testcase classname="test_v6_attendance_cash_features.TestWorkerPunchInOut" name="test_attendance_stats_requires_admin" time="0.103" /><testcase classname="test_v6_attendance_cash_features.TestWorkerCashPermissionToggle" name="test_get_workers_with_cash_allowed_field" time="0.116" /><testcase classname="test_v6_attendance_cash_features.TestWorkerCashPermissionToggle" name="test_toggle_cash_permission" time="0.340" /><testcase classname="test_v6_attendance_cash_features.TestWorkerCashPermissionToggle" name="test_toggle_cash_only_for_workers" time="0.226" /><testcase classname="test_v6_attendance_cash_features.TestWorkerSaleCouponCashVisibility" name="test_worker_cash_allowed_returns_true" time="0.138" /><testcase classname="test_v6_attendance_cash_features.TestWorkerSaleCouponCashVisibility" name="test_worker_cash_disabled_returns_false" time="0.460" /><testcase classname="test_v6_attendance_cash_features.TestCampaignDeletion" name="test_campaign_list_shows_sold_count" time="0.136" /><testcase classname="test_v6_attendance_cash_features.TestCampaignDeletion" name="test_delete_campaign_without_sales_succeeds" time="0.227" /><testcase classname="test_v6_attendance_cash_features.TestLedgerCashQRColumns" name="test_ledger_has_cash_and_qr_columns" time="0.135" /><testcase classname="test_v6_attendance_cash_features.TestStaticFileServing" name="test_static_file_serving_exists" time="0.123" /><testcase classname="test_v6_attendance_cash_features.TestStaticFileServing" name="test_static_file_serving_not_found" time="0.109" /><testcase classname="test_v6_attendance_cash_features.TestAttendanceReportFilters" name="test_attendance_report_with_status_filter" time="0.113" /><testcase classname="test_v6_attendance_cash_features.TestAttendanceReportFilters" name="test_attendance_report_with_date_range" time="0.104" /><testcase classname="test_v6_attendance_cash_features.TestWorkerMyAttendanceHistory" name="test_worker_attendance_history" time="0.113" /></testsuite></testsuites>