<?xml version="1.0" encoding="utf-8"?><testsuites name="pytest tests"><testsuite name="pytest" errors="0" failures="1" skipped="0" tests="20" time="4.271" timestamp="2026-02-27T04:50:24.619312+00:00" hostname="agent-env-b4348364-de74-4310-8dea-6f7e63ccad3c"><testcase classname="test_v6_attendance_cash_features.TestHealthCheck" name="test_health_endpoint" time="0.215" /><testcase classname="test_v6_attendance_cash_features.TestAdminAttendanceDashboard" name="test_attendance_stats_api" time="0.543" /><testcase classname="test_v6_attendance_cash_features.TestAdminAttendanceDashboard" name="test_attendance_stats_with_date" time="0.119" /><testcase classname="test_v6_attendance_cash_features.TestAdminAttendanceDashboard" name="test_attendance_workers_list" time="0.129" /><testcase classname="test_v6_attendance_cash_features.TestAdminAttendanceDashboard" name="test_attendance_export_csv" time="0.166" /><testcase classname="test_v6_attendance_cash_features.TestWorkerPunchInOut" name="test_worker_can_view_today_attendance" time="0.474" /><testcase classname="test_v6_attendance_cash_features.TestWorkerPunchInOut" name="test_attendance_stats_requires_admin" time="0.108" /><testcase classname="test_v6_attendance_cash_features.TestWorkerCashPermissionToggle" name="test_get_workers_with_cash_allowed_field" time="0.128" /><testcase classname="test_v6_attendance_cash_features.TestWorkerCashPermissionToggle" name="test_toggle_cash_permission" time="0.347" /><testcase classname="test_v6_attendance_cash_features.TestWorkerCashPermissionToggle" name="test_toggle_cash_only_for_workers" time="0.221" /><testcase classname="test_v6_attendance_cash_features.TestWorkerSaleCouponCashVisibility" name="test_worker_cash_allowed_returns_true" time="0.121"><failure message="AssertionError: assert False == True&#10; +  where False = &lt;built-in method get of dict object at 0xfe52e58b6900&gt;('cash_allowed', True)&#10; +    where &lt;built-in method get of dict object at 0xfe52e58b6900&gt; = {'area_id': None, 'branch_id': None, 'cash_allowed': False, 'coupon_possession_count': 3, ...}.get">test_v6_attendance_cash_features.py:243: in test_worker_cash_allowed_returns_true
    assert data.get("cash_allowed", True) == True
E   AssertionError: assert False == True
E    +  where False = &lt;built-in method get of dict object at 0xfe52e58b6900&gt;('cash_allowed', True)
E    +    where &lt;built-in method get of dict object at 0xfe52e58b6900&gt; = {'area_id': None, 'branch_id': None, 'cash_allowed': False, 'coupon_possession_count': 3, ...}.get</failure></testcase><testcase classname="test_v6_attendance_cash_features.TestWorkerSaleCouponCashVisibility" name="test_worker_cash_disabled_returns_false" time="0.445" /><testcase classname="test_v6_attendance_cash_features.TestCampaignDeletion" name="test_campaign_list_shows_sold_count" time="0.118" /><testcase classname="test_v6_attendance_cash_features.TestCampaignDeletion" name="test_delete_campaign_without_sales_succeeds" time="0.285" /><testcase classname="test_v6_attendance_cash_features.TestLedgerCashQRColumns" name="test_ledger_has_cash_and_qr_columns" time="0.121" /><testcase classname="test_v6_attendance_cash_features.TestStaticFileServing" name="test_static_file_serving_exists" time="0.125" /><testcase classname="test_v6_attendance_cash_features.TestStaticFileServing" name="test_static_file_serving_not_found" time="0.115" /><testcase classname="test_v6_attendance_cash_features.TestAttendanceReportFilters" name="test_attendance_report_with_status_filter" time="0.130" /><testcase classname="test_v6_attendance_cash_features.TestAttendanceReportFilters" name="test_attendance_report_with_date_range" time="0.104" /><testcase classname="test_v6_attendance_cash_features.TestWorkerMyAttendanceHistory" name="test_worker_attendance_history" time="0.137" /></testsuite></testsuites>