<?xml version="1.0" encoding="utf-8"?><testsuites name="pytest tests"><testsuite name="pytest" errors="0" failures="0" skipped="0" tests="23" time="4.167" timestamp="2026-02-18T12:55:54.791913+00:00" hostname="agent-env-e74a0bd6-88fe-41a0-b457-07558a123c10"><testcase classname="backend.tests.test_v4_intelligence.TestHealthCheck" name="test_health_check_returns_v4" time="0.131" /><testcase classname="backend.tests.test_v4_intelligence.TestRealtimeMetrics" name="test_get_realtime_metrics_success" time="0.510" /><testcase classname="backend.tests.test_v4_intelligence.TestRealtimeMetrics" name="test_realtime_metrics_requires_admin_role" time="0.690" /><testcase classname="backend.tests.test_v4_intelligence.TestRealtimeMetrics" name="test_realtime_metrics_requires_auth" time="0.109" /><testcase classname="backend.tests.test_v4_intelligence.TestWorkerPerformanceScoring" name="test_get_all_worker_scores" time="0.111" /><testcase classname="backend.tests.test_v4_intelligence.TestWorkerPerformanceScoring" name="test_worker_scores_sorted_by_score_descending" time="0.130" /><testcase classname="backend.tests.test_v4_intelligence.TestWorkerPerformanceScoring" name="test_get_individual_worker_score" time="0.236" /><testcase classname="backend.tests.test_v4_intelligence.TestWorkerPerformanceScoring" name="test_worker_can_view_own_score" time="0.234" /><testcase classname="backend.tests.test_v4_intelligence.TestWorkerPerformanceScoring" name="test_worker_cannot_view_other_worker_score" time="0.336" /><testcase classname="backend.tests.test_v4_intelligence.TestWorkerPerformanceScoring" name="test_invalid_worker_id_returns_404" time="0.110" /><testcase classname="backend.tests.test_v4_intelligence.TestFraudDetection" name="test_get_fraud_alerts_active" time="0.114" /><testcase classname="backend.tests.test_v4_intelligence.TestFraudDetection" name="test_get_fraud_alerts_resolved" time="0.113" /><testcase classname="backend.tests.test_v4_intelligence.TestFraudDetection" name="test_fraud_scan_trigger" time="0.118" /><testcase classname="backend.tests.test_v4_intelligence.TestFraudDetection" name="test_fraud_alerts_require_admin" time="0.107" /><testcase classname="backend.tests.test_v4_intelligence.TestFraudDetection" name="test_fraud_scan_requires_admin" time="0.104" /><testcase classname="backend.tests.test_v4_intelligence.TestFraudDetection" name="test_fraud_alert_severity_values" time="0.105" /><testcase classname="backend.tests.test_v4_intelligence.TestInactiveWorkers" name="test_get_inactive_workers" time="0.104" /><testcase classname="backend.tests.test_v4_intelligence.TestInactiveWorkers" name="test_inactive_workers_requires_admin" time="0.110" /><testcase classname="backend.tests.test_v4_intelligence.TestAreaIntelligence" name="test_get_area_intelligence" time="0.139" /><testcase classname="backend.tests.test_v4_intelligence.TestAreaIntelligence" name="test_area_intelligence_requires_admin" time="0.107" /><testcase classname="backend.tests.test_v4_intelligence.TestFraudAlertActions" name="test_resolve_nonexistent_alert_returns_404" time="0.115" /><testcase classname="backend.tests.test_v4_intelligence.TestFraudAlertActions" name="test_dismiss_nonexistent_alert_returns_404" time="0.121" /><testcase classname="backend.tests.test_v4_intelligence.TestGradeCalculation" name="test_grade_boundaries" time="0.113" /></testsuite></testsuites>