<?xml version="1.0" encoding="utf-8"?><testsuites name="pytest tests"><testsuite name="pytest" errors="0" failures="0" skipped="0" tests="19" time="10.254" timestamp="2026-04-14T05:12:59.899853+00:00" hostname="agent-env-49425071-0efb-412d-aa2d-d54148bbb255"><testcase classname="backend.tests.test_v10_features.TestAuth" name="test_admin_login" time="0.535" /><testcase classname="backend.tests.test_v10_features.TestAuth" name="test_worker_login" time="0.383" /><testcase classname="backend.tests.test_v10_features.TestDashboardStats" name="test_dashboard_stats_returns_all_fields" time="0.553" /><testcase classname="backend.tests.test_v10_features.TestDashboardStats" name="test_dashboard_stats_refresh" time="0.694" /><testcase classname="backend.tests.test_v10_features.TestSoldCoupons" name="test_sold_coupons_endpoint_exists" time="0.523" /><testcase classname="backend.tests.test_v10_features.TestSoldCoupons" name="test_sold_coupons_filters_structure" time="0.509" /><testcase classname="backend.tests.test_v10_features.TestSoldCoupons" name="test_sold_coupons_worker_filter" time="0.658" /><testcase classname="backend.tests.test_v10_features.TestSoldCoupons" name="test_sold_coupons_coupon_details" time="0.512" /><testcase classname="backend.tests.test_v10_features.TestDataEntry" name="test_admin_data_entry_returns_today_count" time="0.535" /><testcase classname="backend.tests.test_v10_features.TestDataEntry" name="test_data_entry_workers_dropdown" time="0.505" /><testcase classname="backend.tests.test_v10_features.TestLedgerExpenses" name="test_ledgers_all_endpoint" time="0.507" /><testcase classname="backend.tests.test_v10_features.TestLedgerExpenses" name="test_expenses_endpoint" time="0.490" /><testcase classname="backend.tests.test_v10_features.TestLedgerExpenses" name="test_expense_bill_image_accessible" time="0.701" /><testcase classname="backend.tests.test_v10_features.TestWorkerSale" name="test_coupon_validation_endpoint" time="0.514" /><testcase classname="backend.tests.test_v10_features.TestWorkerSale" name="test_branches_endpoint_for_sale" time="0.524" /><testcase classname="backend.tests.test_v10_features.TestWorkerSale" name="test_worker_sale_requires_gps" time="0.534" /><testcase classname="backend.tests.test_v10_features.TestSidebarNavigation" name="test_sold_coupons_route_accessible" time="0.503" /><testcase classname="backend.tests.test_v10_features.TestCRERemarks" name="test_cre_remarks_endpoint" time="0.488" /><testcase classname="backend.tests.test_v10_features.TestEncashments" name="test_encashments_endpoint" time="0.503" /></testsuite></testsuites>