<?xml version="1.0" encoding="utf-8"?><testsuites name="pytest tests"><testsuite name="pytest" errors="0" failures="0" skipped="0" tests="19" time="3.530" timestamp="2026-04-22T06:07:17.250765+00:00" hostname="agent-env-49425071-0efb-412d-aa2d-d54148bbb255"><testcase classname="backend.tests.test_qr_campaigns.TestCampaignCRUD" name="test_create_campaign_success" time="0.593" /><testcase classname="backend.tests.test_qr_campaigns.TestCampaignCRUD" name="test_create_campaign_missing_name" time="0.103" /><testcase classname="backend.tests.test_qr_campaigns.TestCampaignCRUD" name="test_create_campaign_duplicate_code" time="0.227" /><testcase classname="backend.tests.test_qr_campaigns.TestCampaignCRUD" name="test_list_campaigns_with_lead_counts" time="0.104" /><testcase classname="backend.tests.test_qr_campaigns.TestCampaignCRUD" name="test_delete_campaign" time="0.219" /><testcase classname="backend.tests.test_qr_campaigns.TestCampaignCRUD" name="test_delete_nonexistent_campaign" time="0.107" /><testcase classname="backend.tests.test_qr_campaigns.TestLeadSubmission" name="test_submit_lead_without_campaign" time="0.119" /><testcase classname="backend.tests.test_qr_campaigns.TestLeadSubmission" name="test_submit_lead_with_campaign" time="0.212" /><testcase classname="backend.tests.test_qr_campaigns.TestLeadSubmission" name="test_lead_stored_with_campaign_fields" time="0.358" /><testcase classname="backend.tests.test_qr_campaigns.TestLeadSubmission" name="test_general_lead_has_null_campaign" time="0.208" /><testcase classname="backend.tests.test_qr_campaigns.TestLeadFiltering" name="test_filter_by_campaign_code" time="0.337" /><testcase classname="backend.tests.test_qr_campaigns.TestLeadFiltering" name="test_filter_source_general" time="0.102" /><testcase classname="backend.tests.test_qr_campaigns.TestLeadFiltering" name="test_filter_source_campaign" time="0.107" /><testcase classname="backend.tests.test_qr_campaigns.TestLeadFiltering" name="test_campaign_codes_in_response" time="0.105" /><testcase classname="backend.tests.test_qr_campaigns.TestExistingCampaigns" name="test_bi6_bi7_campaigns_exist" time="0.104" /><testcase classname="backend.tests.test_qr_campaigns.TestCampaignAuth" name="test_create_campaign_requires_auth" time="0.101" /><testcase classname="backend.tests.test_qr_campaigns.TestCampaignAuth" name="test_list_campaigns_requires_auth" time="0.102" /><testcase classname="backend.tests.test_qr_campaigns.TestCampaignAuth" name="test_delete_campaign_requires_auth" time="0.120" /><testcase classname="backend.tests.test_qr_campaigns.TestCampaignAuth" name="test_qr_leads_public_no_auth" time="0.115" /></testsuite></testsuites>