<?xml version="1.0" encoding="utf-8"?><testsuites name="pytest tests"><testsuite name="pytest" errors="0" failures="0" skipped="0" tests="34" time="9.148" timestamp="2026-02-18T11:00:48.054785+00:00" hostname="agent-env-e74a0bd6-88fe-41a0-b457-07558a123c10"><testcase classname="backend.tests.test_v3_features.TestHealthAndAuth" name="test_health_check" time="0.248" /><testcase classname="backend.tests.test_v3_features.TestHealthAndAuth" name="test_admin_login" time="0.334" /><testcase classname="backend.tests.test_v3_features.TestHealthAndAuth" name="test_worker_login" time="0.328" /><testcase classname="backend.tests.test_v3_features.TestHealthAndAuth" name="test_cre_login" time="0.331" /><testcase classname="backend.tests.test_v3_features.TestHealthAndAuth" name="test_branch_login" time="0.348" /><testcase classname="backend.tests.test_v3_features.TestSetupCampaignAndBranch" name="test_create_branch" time="0.591" /><testcase classname="backend.tests.test_v3_features.TestSetupCampaignAndBranch" name="test_assign_branch_to_branch_user" time="0.550" /><testcase classname="backend.tests.test_v3_features.TestSetupCampaignAndBranch" name="test_create_campaign" time="0.103" /><testcase classname="backend.tests.test_v3_features.TestSetupCampaignAndBranch" name="test_verify_campaign_coupons" time="0.110" /><testcase classname="backend.tests.test_v3_features.TestCouponValidation" name="test_validate_valid_code" time="0.439" /><testcase classname="backend.tests.test_v3_features.TestCouponValidation" name="test_validate_invalid_code" time="0.249" /><testcase classname="backend.tests.test_v3_features.TestWorkerSaleFlow" name="test_worker_sale_with_branch" time="0.437" /><testcase classname="backend.tests.test_v3_features.TestWorkerSaleFlow" name="test_no_duplicate_sale" time="0.110" /><testcase classname="backend.tests.test_v3_features.TestWorkerSaleFlow" name="test_gps_accuracy_rejection" time="0.109" /><testcase classname="backend.tests.test_v3_features.TestWorkerLedger" name="test_ledger_updated_after_sale" time="0.543" /><testcase classname="backend.tests.test_v3_features.TestWorkerLedger" name="test_transaction_history" time="0.105" /><testcase classname="backend.tests.test_v3_features.TestExpenseModule" name="test_small_expense_no_photo" time="0.456" /><testcase classname="backend.tests.test_v3_features.TestExpenseModule" name="test_large_expense_requires_photo" time="0.108" /><testcase classname="backend.tests.test_v3_features.TestExpenseModule" name="test_get_expenses" time="0.108" /><testcase classname="backend.tests.test_v3_features.TestCRECallLogging" name="test_cre_dashboard_stats" time="0.433" /><testcase classname="backend.tests.test_v3_features.TestCRECallLogging" name="test_cre_customers_list_full_phone" time="0.106" /><testcase classname="backend.tests.test_v3_features.TestCRECallLogging" name="test_cre_log_call" time="0.110" /><testcase classname="backend.tests.test_v3_features.TestCRECallLogging" name="test_cre_remarks_mandatory" time="0.105" /><testcase classname="backend.tests.test_v3_features.TestCRECallLogging" name="test_cre_add_remarks" time="0.103" /><testcase classname="backend.tests.test_v3_features.TestCRECallLogging" name="test_cre_call_history" time="0.099" /><testcase classname="backend.tests.test_v3_features.TestBranchEncashment" name="test_branch_customers_masked_phone" time="0.430" /><testcase classname="backend.tests.test_v3_features.TestBranchEncashment" name="test_branch_encash_coupon" time="0.108" /><testcase classname="backend.tests.test_v3_features.TestBranchEncashment" name="test_no_duplicate_encashment" time="0.104" /><testcase classname="backend.tests.test_v3_features.TestAdminViews" name="test_admin_view_cre_remarks" time="0.469" /><testcase classname="backend.tests.test_v3_features.TestAdminViews" name="test_admin_view_encashments" time="0.113" /><testcase classname="backend.tests.test_v3_features.TestAdminViews" name="test_admin_view_all_ledgers" time="0.104" /><testcase classname="backend.tests.test_v3_features.TestAdminViews" name="test_admin_add_advance" time="0.530" /><testcase classname="backend.tests.test_v3_features.TestAdminViews" name="test_admin_dashboard_stats" time="0.117" /><testcase classname="backend.tests.test_v3_features.TestFinancialCalculations" name="test_net_payable_calculation" time="0.545" /></testsuite></testsuites>