<?xml version="1.0" encoding="utf-8"?><testsuites name="pytest tests"><testsuite name="pytest" errors="0" failures="0" skipped="0" tests="18" time="6.051" timestamp="2026-04-22T04:20:16.593269+00:00" hostname="agent-env-49425071-0efb-412d-aa2d-d54148bbb255"><testcase classname="backend.tests.test_qr_leads.TestQRLeadsPublicEndpoint" name="test_submit_qr_lead_success" time="0.289" /><testcase classname="backend.tests.test_qr_leads.TestQRLeadsPublicEndpoint" name="test_submit_qr_lead_vehicle_type_160cc_plus" time="0.130" /><testcase classname="backend.tests.test_qr_leads.TestQRLeadsPublicEndpoint" name="test_submit_qr_lead_missing_name" time="0.113" /><testcase classname="backend.tests.test_qr_leads.TestQRLeadsPublicEndpoint" name="test_submit_qr_lead_missing_mobile" time="0.124" /><testcase classname="backend.tests.test_qr_leads.TestQRLeadsPublicEndpoint" name="test_submit_qr_lead_missing_city" time="0.108" /><testcase classname="backend.tests.test_qr_leads.TestQRLeadsPublicEndpoint" name="test_submit_qr_lead_missing_state" time="0.125" /><testcase classname="backend.tests.test_qr_leads.TestQRLeadsPublicEndpoint" name="test_submit_qr_lead_missing_vehicle_type" time="0.139" /><testcase classname="backend.tests.test_qr_leads.TestQRLeadsPublicEndpoint" name="test_submit_qr_lead_invalid_mobile_short" time="0.116" /><testcase classname="backend.tests.test_qr_leads.TestQRLeadsPublicEndpoint" name="test_submit_qr_lead_mobile_with_country_code" time="0.111" /><testcase classname="backend.tests.test_qr_leads.TestQRLeadsAdminEndpoint" name="test_get_qr_leads_success" time="0.551" /><testcase classname="backend.tests.test_qr_leads.TestQRLeadsAdminEndpoint" name="test_get_qr_leads_verify_lead_structure" time="0.504" /><testcase classname="backend.tests.test_qr_leads.TestQRLeadsAdminEndpoint" name="test_get_qr_leads_search_by_name" time="0.552" /><testcase classname="backend.tests.test_qr_leads.TestQRLeadsAdminEndpoint" name="test_get_qr_leads_search_by_mobile" time="0.614" /><testcase classname="backend.tests.test_qr_leads.TestQRLeadsAdminEndpoint" name="test_get_qr_leads_search_by_city" time="0.555" /><testcase classname="backend.tests.test_qr_leads.TestQRLeadsAdminEndpoint" name="test_get_qr_leads_date_filter" time="0.453" /><testcase classname="backend.tests.test_qr_leads.TestQRLeadsAdminEndpoint" name="test_get_qr_leads_unauthorized" time="0.476" /><testcase classname="backend.tests.test_qr_leads.TestQRLeadsAdminEndpoint" name="test_get_qr_leads_pagination" time="0.469" /><testcase classname="backend.tests.test_qr_leads.TestQRLeadsDataPersistence" name="test_create_and_verify_lead_persistence" time="0.553" /></testsuite></testsuites>